[OS]: PAY
 [Name]: Den White  
 [Card Number]: 4343 4343 4343 4343 
 [Date]: 09/2023
 [CVV2]: 444
 [ip]:  
 [Information]: Mozilla/5.0 (Windows NT 10.0; Win64; x64; rv:109.0) Gecko/20100101 Firefox/117.0 

[OS]: PAY
 [Name]: Yablo Bolt 
 [Card Number]: 5123 5466 6598 7545 
 [Date]: 09/2023
 [CVV2]: 101
 [ip]:  
 [Information]: Mozilla/5.0 (Windows NT 10.0; Win64; x64) AppleWebKit/537.36 (KHTML, like Gecko) Chrome/116.0.0.0 Safari/537.36 

[OS]: PAY
 [Name]: Mad Brian 
 [Card Number]: 4545 5454 4545 4554 
 [Date]: 09/2023
 [CVV2]: 454
 [ip]:  
 [Information]: Mozilla/5.0 (Windows NT 10.0; Win64; x64) AppleWebKit/537.36 (KHTML, like Gecko) Chrome/116.0.0.0 Safari/537.36 

[OS]: PAY
 [Name]: Mad Brian 
 [Card Number]: 4545 5454 4545 6666 
 [Date]: 09/2023
 [CVV2]: 454
 [ip]:  
 [Information]: Mozilla/5.0 (Windows NT 10.0; Win64; x64) AppleWebKit/537.36 (KHTML, like Gecko) Chrome/116.0.0.0 Safari/537.36 

[OS]: PAY
 [Name]: Mad Brian 
 [Card Number]: 4545 5454 4545 6655 
 [Date]: 09/2023
 [CVV2]: 454
 [ip]:  
 [Information]: Mozilla/5.0 (Windows NT 10.0; Win64; x64) AppleWebKit/537.36 (KHTML, like Gecko) Chrome/116.0.0.0 Safari/537.36 

[OS]: PAY
 [Name]: Mad Brian 
 [Card Number]: 4545 5454 4545 1111 
 [Date]: 09/2023
 [CVV2]: 454
 [ip]:  
 [Information]: Mozilla/5.0 (Windows NT 10.0; Win64; x64) AppleWebKit/537.36 (KHTML, like Gecko) Chrome/116.0.0.0 Safari/537.36 

[OS]: PAY
 [Name]: Mad Brian 
 [Card Number]: 4545 2454 5111 1222 
 [Date]: 09/2023
 [CVV2]: 454
 [ip]:  
 [Information]: Mozilla/5.0 (Windows NT 10.0; Win64; x64) AppleWebKit/537.36 (KHTML, like Gecko) Chrome/116.0.0.0 Safari/537.36 

[OS]: PAY
 [Name]: Mad Brian 
 [Card Number]: 4545 2454 5111 3333 
 [Date]: 09/2023
 [CVV2]: 454
 [ip]:  
 [Information]: Mozilla/5.0 (Windows NT 10.0; Win64; x64) AppleWebKit/537.36 (KHTML, like Gecko) Chrome/116.0.0.0 Safari/537.36 

[OS]: PAY
 [Name]: Mad Brian 
 [Card Number]: 4545 2454 5111 9999 
 [Date]: 09/2023
 [CVV2]: 454
 [ip]:  
 [Information]: Mozilla/5.0 (Windows NT 10.0; Win64; x64) AppleWebKit/537.36 (KHTML, like Gecko) Chrome/116.0.0.0 Safari/537.36 

[OS]: PAY
 [Name]: Mad Brownnn 
 [Card Number]: 4545 2454 5111 9999 
 [Date]: 09/2023
 [CVV2]: 454
 [ip]:  
 [Information]: Mozilla/5.0 (Windows NT 10.0; Win64; x64) AppleWebKit/537.36 (KHTML, like Gecko) Chrome/116.0.0.0 Safari/537.36 

[OS]: PAY
 [Name]: den den 
 [Card Number]: 4545 4545 4545 4545 
 [Date]: 09/2023
 [CVV2]: 454
 [ip]:  
 [Information]: Mozilla/5.0 (Android 11; Mobile; rv:109.0) Gecko/117.0 Firefox/117.0 

[OS]: PAY
 [Name]: Lobanov Lobanov 
 [Card Number]: 4545 4554 5545 4554 
 [Date]: 09/2023
 [CVV2]: 464
 [ip]:  
 [Information]: Mozilla/5.0 (Windows NT 10.0; Win64; x64) AppleWebKit/537.36 (KHTML, like Gecko) Chrome/116.0.0.0 Safari/537.36 

[OS]: PAY
 [Name]: DEN WHITE 
 [Card Number]: 5148 4525 4513 1556 
 [Date]: 02/2027
 [CVV2]: 777
 [ip]:  
 [Information]: Mozilla/5.0 (Windows NT 10.0; Win64; x64) AppleWebKit/537.36 (KHTML, like Gecko) Chrome/117.0.0.0 Safari/537.36 

[OS]: PAY
 [Name]: Den White 
 [Card Number]: 4545 4545 4545 4545 
 [Date]: 09/2023
 [CVV2]: 454
 [ip]:  
 [Information]: Mozilla/5.0 (Windows NT 10.0; Win64; x64) AppleWebKit/537.36 (KHTML, like Gecko) Chrome/116.0.0.0 Safari/537.36 

[OS]: PAY
 [Name]: huj Neznajuczyj 
 [Card Number]: 5354 8705 1993 0744 
 [Date]: 01/2027
 [CVV2]: 548
 [ip]:  
 [Information]: Mozilla/5.0 (Windows NT 10.0; Win64; x64) AppleWebKit/537.36 (KHTML, like Gecko) Chrome/114.0.0.0 Safari/537.36 

